<?xml version="1.0" encoding="UTF-8"?>
<!-- Generated by org.testng.reporters.JUnitReportReporter -->
<testsuite skipped="0" hostname="CDC2-D-CLKPXJ2" name="testngdemo1.Testng2" tests="1" failures="0" timestamp="2019-11-27T11:50:41 IST" time="17.076" errors="0">
  <testcase name="popupdemo" time="17.076" classname="testngdemo1.Testng2"/>
</testsuite> <!-- testngdemo1.Testng2 -->
