<?xml version="1.0" encoding="UTF-8"?>
<!-- Generated by org.testng.reporters.JUnitReportReporter -->
<testsuite skipped="0" hostname="CDC2-D-CLKPXJ2" name="testngdemo05.NewTest" tests="1" failures="0" timestamp="2019-11-27T11:10:40 IST" time="57.839" errors="0">
  <testcase name="login" time="57.839" classname="testngdemo05.NewTest"/>
</testsuite> <!-- testngdemo05.NewTest -->
