<?xml version="1.0" encoding="UTF-8"?>
<!-- Generated by org.testng.reporters.JUnitReportReporter -->
<testsuite skipped="0" hostname="CDC2-D-CLKPXJ2" name="testngdemo1.testexcel" tests="1" failures="0" timestamp="2019-11-28T10:47:35 IST" time="0.784" errors="0">
  <testcase name="readdats" time="0.784" classname="testngdemo1.testexcel"/>
</testsuite> <!-- testngdemo1.testexcel -->
