<?xml version="1.0" encoding="UTF-8"?>
<!-- Generated by org.testng.reporters.JUnitReportReporter -->
<testsuite skipped="0" hostname="CDC2-D-CLKPXJ2" name="testngdemo1.dragdemo" tests="1" failures="0" timestamp="2019-11-27T11:56:07 IST" time="12.486" errors="0">
  <testcase name="f" time="12.486" classname="testngdemo1.dragdemo"/>
</testsuite> <!-- testngdemo1.dragdemo -->
