<?xml version="1.0" encoding="UTF-8"?>
<!-- Generated by org.testng.reporters.JUnitReportReporter -->
<testsuite skipped="0" hostname="CDC2-D-CLKPXJ2" name="testngdemo.NewTest" tests="2" failures="0" timestamp="2019-11-26T16:00:05 IST" time="0.014" errors="0">
  <testcase name="login" time="0.008" classname="testngdemo.NewTest"/>
  <testcase name="f" time="0.006" classname="testngdemo.NewTest"/>
</testsuite> <!-- testngdemo.NewTest -->
