<?xml version="1.0" encoding="UTF-8"?>
<!-- Generated by org.testng.reporters.JUnitReportReporter -->
<testsuite skipped="0" hostname="CDC2-D-CLKPXJ2" name="testngdemo1.testmedemo" tests="1" failures="0" timestamp="2019-11-27T12:38:44 IST" time="20.812" errors="0">
  <testcase name="moveto" time="20.812" classname="testngdemo1.testmedemo"/>
</testsuite> <!-- testngdemo1.testmedemo -->
